<?xml version="1.0" encoding="UTF-8"?>
<testsuite xmlns:xsi="http://www.w3.org/2001/XMLSchema-instance" xsi:noNamespaceSchemaLocation="https://maven.apache.org/surefire/maven-surefire-plugin/xsd/surefire-test-report-3.0.xsd" version="3.0" name="com.github.ezframework.jaloquent.model.ModelRepositoryJdbcFeatureTest" time="0.082" tests="22" errors="0" skipped="0" failures="0">
  <properties>
[...]
</properties>
  <testcase name="saveSqlPathSqlContainsInsertKeyword" classname="com.github.ezframework.jaloquent.model.ModelRepositoryJdbcFeatureTest" time="0.004">
    <system-out><![CDATA[2026-04-16 12:35:12 INFO  c.g.e.j.model.ModelRepository - Saved model u4 to SQL table users
]]></system-out>
  </testcase>
  <testcase name="findSqlPathPassesIdAsQueryParam" classname="com.github.ezframework.jaloquent.model.ModelRepositoryJdbcFeatureTest" time="0.006"/>
  <testcase name="explicitDialectConstructorSavesViaJdbc" classname="com.github.ezframework.jaloquent.model.ModelRepositoryJdbcFeatureTest" time="0.002">
    <system-out><![CDATA[2026-04-16 12:35:12 INFO  c.g.e.j.model.ModelRepository - Saved model d1 to SQL table users_d
]]></system-out>
  </testcase>
  <testcase name="flatMapPathUsedWhenStoreIsNotJdbcStore" classname="com.github.ezframework.jaloquent.model.ModelRepositoryJdbcFeatureTest" time="0.006">
    <system-out><![CDATA[2026-04-16 12:35:12 INFO  c.g.e.j.model.ModelRepository - Saved model fm1 to flat-map store
]]></system-out>
  </testcase>
  <testcase name="existsSqlPathReturnsFalseWhenNoRows" classname="com.github.ezframework.jaloquent.model.ModelRepositoryJdbcFeatureTest" time="0.002"/>
  <testcase name="deleteSqlPathPassesIdAsParam" classname="com.github.ezframework.jaloquent.model.ModelRepositoryJdbcFeatureTest" time="0.002">
    <system-out><![CDATA[2026-04-16 12:35:12 INFO  c.g.e.j.model.ModelRepository - Deleted model del-42 from SQL table users
]]></system-out>
  </testcase>
  <testcase name="findSqlPathReturnsPresentWhenRowReturned" classname="com.github.ezframework.jaloquent.model.ModelRepositoryJdbcFeatureTest" time="0.002"/>
  <testcase name="querySqlPathExecutesJdbcQuery" classname="com.github.ezframework.jaloquent.model.ModelRepositoryJdbcFeatureTest" time="0.001">
    <system-out><![CDATA[2026-04-16 12:35:12 INFO  c.g.e.j.model.ModelRepository - Queried 0 rows from SQL table users
]]></system-out>
  </testcase>
  <testcase name="saveSqlPathContainsRegisteredTableName" classname="com.github.ezframework.jaloquent.model.ModelRepositoryJdbcFeatureTest" time="0.001">
    <system-out><![CDATA[2026-04-16 12:35:12 INFO  c.g.e.j.model.ModelRepository - Saved model u2 to SQL table ez_users
]]></system-out>
  </testcase>
  <testcase name="saveSqlPathIncludesColumnValueInParams" classname="com.github.ezframework.jaloquent.model.ModelRepositoryJdbcFeatureTest" time="0.003">
    <system-out><![CDATA[2026-04-16 12:35:12 INFO  c.g.e.j.model.ModelRepository - Saved model u3 to SQL table users
]]></system-out>
  </testcase>
  <testcase name="querySqlPathDoesNotUseDataStore" classname="com.github.ezframework.jaloquent.model.ModelRepositoryJdbcFeatureTest" time="0.001">
    <system-out><![CDATA[2026-04-16 12:35:12 INFO  c.g.e.j.model.ModelRepository - Queried 0 rows from SQL table users
]]></system-out>
  </testcase>
  <testcase name="saveSqlPathFirstParamIsModelId" classname="com.github.ezframework.jaloquent.model.ModelRepositoryJdbcFeatureTest" time="0.001">
    <system-out><![CDATA[2026-04-16 12:35:12 INFO  c.g.e.j.model.ModelRepository - Saved model id-42 to SQL table users
]]></system-out>
  </testcase>
  <testcase name="saveSqlPathExecutesUpdateNotDataStore" classname="com.github.ezframework.jaloquent.model.ModelRepositoryJdbcFeatureTest" time="0.002">
    <system-out><![CDATA[2026-04-16 12:35:12 INFO  c.g.e.j.model.ModelRepository - Saved model u1 to SQL table users
]]></system-out>
  </testcase>
  <testcase name="querySqlPathReturnsEmptyListWhenNoRows" classname="com.github.ezframework.jaloquent.model.ModelRepositoryJdbcFeatureTest" time="0.002">
    <system-out><![CDATA[2026-04-16 12:35:12 INFO  c.g.e.j.model.ModelRepository - Queried 0 rows from SQL table users
]]></system-out>
  </testcase>
  <testcase name="saveSqlPathIdOnlyTableUsesFallbackOnDuplicate" classname="com.github.ezframework.jaloquent.model.ModelRepositoryJdbcFeatureTest" time="0.002">
    <system-out><![CDATA[2026-04-16 12:35:12 INFO  c.g.e.j.model.ModelRepository - Saved model tok1 to SQL table tokens
]]></system-out>
  </testcase>
  <testcase name="querySqlPathReturnsMappedModels" classname="com.github.ezframework.jaloquent.model.ModelRepositoryJdbcFeatureTest" time="0.006">
    <system-out><![CDATA[2026-04-16 12:35:12 INFO  c.g.e.j.model.ModelRepository - Queried 2 rows from SQL table users
]]></system-out>
  </testcase>
  <testcase name="findSqlPathExecutesSelectQuery" classname="com.github.ezframework.jaloquent.model.ModelRepositoryJdbcFeatureTest" time="0.001"/>
  <testcase name="findSqlPathReturnsEmptyWhenNoRowsReturned" classname="com.github.ezframework.jaloquent.model.ModelRepositoryJdbcFeatureTest" time="0.002"/>
  <testcase name="deleteSqlPathExecutesDeleteNotDataStore" classname="com.github.ezframework.jaloquent.model.ModelRepositoryJdbcFeatureTest" time="0.002">
    <system-out><![CDATA[2026-04-16 12:35:12 INFO  c.g.e.j.model.ModelRepository - Deleted model del-1 from SQL table users
]]></system-out>
  </testcase>
  <testcase name="existsSqlPathReturnsTrueWhenRowPresent" classname="com.github.ezframework.jaloquent.model.ModelRepositoryJdbcFeatureTest" time="0.001"/>
  <testcase name="findSqlPathPopulatesAttributesFromRow" classname="com.github.ezframework.jaloquent.model.ModelRepositoryJdbcFeatureTest" time="0.004"/>
  <testcase name="existsSqlPathExecutesSelectWhereQuery" classname="com.github.ezframework.jaloquent.model.ModelRepositoryJdbcFeatureTest" time="0.001"/>
</testsuite>