<?xml version="1.0" encoding="UTF-8"?>
<testsuite xmlns:xsi="http://www.w3.org/2001/XMLSchema-instance" xsi:noNamespaceSchemaLocation="https://maven.apache.org/surefire/maven-surefire-plugin/xsd/surefire-test-report-3.0.xsd" version="3.0" name="com.github.ezframework.jaloquent.model.DialectMatrixFeatureTest" time="0.245" tests="42" errors="0" skipped="0" failures="0">
  <properties>
[...]
</properties>
  <testcase name="deleteWherePassesValueAsBindParam(SqlDialect)[1]" classname="com.github.ezframework.jaloquent.model.DialectMatrixFeatureTest" time="0.051">
    <system-out><![CDATA[2026-04-16 12:35:12 INFO  c.g.e.j.model.ModelRepository - Bulk-deleted from SQL table logs where level=DEBUG
]]></system-out>
  </testcase>
  <testcase name="deleteWherePassesValueAsBindParam(SqlDialect)[2]" classname="com.github.ezframework.jaloquent.model.DialectMatrixFeatureTest" time="0.002">
    <system-out><![CDATA[2026-04-16 12:35:12 INFO  c.g.e.j.model.ModelRepository - Bulk-deleted from SQL table logs where level=DEBUG
]]></system-out>
  </testcase>
  <testcase name="deleteWherePassesValueAsBindParam(SqlDialect)[3]" classname="com.github.ezframework.jaloquent.model.DialectMatrixFeatureTest" time="0.001">
    <system-out><![CDATA[2026-04-16 12:35:12 INFO  c.g.e.j.model.ModelRepository - Bulk-deleted from SQL table logs where level=DEBUG
]]></system-out>
  </testcase>
  <testcase name="deletePassesIdAsBindParam(SqlDialect)[1]" classname="com.github.ezframework.jaloquent.model.DialectMatrixFeatureTest" time="0.001">
    <system-out><![CDATA[2026-04-16 12:35:12 INFO  c.g.e.j.model.ModelRepository - Deleted model order-99 from SQL table orders
]]></system-out>
  </testcase>
  <testcase name="deletePassesIdAsBindParam(SqlDialect)[2]" classname="com.github.ezframework.jaloquent.model.DialectMatrixFeatureTest" time="0">
    <system-out><![CDATA[2026-04-16 12:35:12 INFO  c.g.e.j.model.ModelRepository - Deleted model order-99 from SQL table orders
]]></system-out>
  </testcase>
  <testcase name="deletePassesIdAsBindParam(SqlDialect)[3]" classname="com.github.ezframework.jaloquent.model.DialectMatrixFeatureTest" time="0">
    <system-out><![CDATA[2026-04-16 12:35:12 INFO  c.g.e.j.model.ModelRepository - Deleted model order-99 from SQL table orders
]]></system-out>
  </testcase>
  <testcase name="findPassesIdAsBindParam(SqlDialect, String, String)[1]" classname="com.github.ezframework.jaloquent.model.DialectMatrixFeatureTest" time="0.003"/>
  <testcase name="findPassesIdAsBindParam(SqlDialect, String, String)[2]" classname="com.github.ezframework.jaloquent.model.DialectMatrixFeatureTest" time="0.001"/>
  <testcase name="findPassesIdAsBindParam(SqlDialect, String, String)[3]" classname="com.github.ezframework.jaloquent.model.DialectMatrixFeatureTest" time="0.001"/>
  <testcase name="findProducesSelectStructureForAllDialects(SqlDialect, String, String)[1]" classname="com.github.ezframework.jaloquent.model.DialectMatrixFeatureTest" time="0.001"/>
  <testcase name="findProducesSelectStructureForAllDialects(SqlDialect, String, String)[2]" classname="com.github.ezframework.jaloquent.model.DialectMatrixFeatureTest" time="0"/>
  <testcase name="findProducesSelectStructureForAllDialects(SqlDialect, String, String)[3]" classname="com.github.ezframework.jaloquent.model.DialectMatrixFeatureTest" time="0.001"/>
  <testcase name="queryQuotesTablePerDialect(SqlDialect, String, String)[1]" classname="com.github.ezframework.jaloquent.model.DialectMatrixFeatureTest" time="0.002">
    <system-out><![CDATA[2026-04-16 12:35:12 INFO  c.g.e.j.model.ModelRepository - Queried 0 rows from SQL table scores
]]></system-out>
  </testcase>
  <testcase name="queryQuotesTablePerDialect(SqlDialect, String, String)[2]" classname="com.github.ezframework.jaloquent.model.DialectMatrixFeatureTest" time="0.002">
    <system-out><![CDATA[2026-04-16 12:35:12 INFO  c.g.e.j.model.ModelRepository - Queried 0 rows from SQL table scores
]]></system-out>
  </testcase>
  <testcase name="queryQuotesTablePerDialect(SqlDialect, String, String)[3]" classname="com.github.ezframework.jaloquent.model.DialectMatrixFeatureTest" time="0.001">
    <system-out><![CDATA[2026-04-16 12:35:12 INFO  c.g.e.j.model.ModelRepository - Queried 0 rows from SQL table scores
]]></system-out>
  </testcase>
  <testcase name="savePassesAllColumnValuesAsBindParams(SqlDialect)[1]" classname="com.github.ezframework.jaloquent.model.DialectMatrixFeatureTest" time="0.002">
    <system-out><![CDATA[2026-04-16 12:35:12 INFO  c.g.e.j.model.ModelRepository - Saved model user-1 to SQL table users
]]></system-out>
  </testcase>
  <testcase name="savePassesAllColumnValuesAsBindParams(SqlDialect)[2]" classname="com.github.ezframework.jaloquent.model.DialectMatrixFeatureTest" time="0.002">
    <system-out><![CDATA[2026-04-16 12:35:12 INFO  c.g.e.j.model.ModelRepository - Saved model user-1 to SQL table users
]]></system-out>
  </testcase>
  <testcase name="savePassesAllColumnValuesAsBindParams(SqlDialect)[3]" classname="com.github.ezframework.jaloquent.model.DialectMatrixFeatureTest" time="0.001">
    <system-out><![CDATA[2026-04-16 12:35:12 INFO  c.g.e.j.model.ModelRepository - Saved model user-1 to SQL table users
]]></system-out>
  </testcase>
  <testcase name="queryPassesWhereValueAsBindParam(SqlDialect, String, String)[1]" classname="com.github.ezframework.jaloquent.model.DialectMatrixFeatureTest" time="0.002">
    <system-out><![CDATA[2026-04-16 12:35:12 INFO  c.g.e.j.model.ModelRepository - Queried 0 rows from SQL table scores
]]></system-out>
  </testcase>
  <testcase name="queryPassesWhereValueAsBindParam(SqlDialect, String, String)[2]" classname="com.github.ezframework.jaloquent.model.DialectMatrixFeatureTest" time="0.001">
    <system-out><![CDATA[2026-04-16 12:35:12 INFO  c.g.e.j.model.ModelRepository - Queried 0 rows from SQL table scores
]]></system-out>
  </testcase>
  <testcase name="queryPassesWhereValueAsBindParam(SqlDialect, String, String)[3]" classname="com.github.ezframework.jaloquent.model.DialectMatrixFeatureTest" time="0.002">
    <system-out><![CDATA[2026-04-16 12:35:12 INFO  c.g.e.j.model.ModelRepository - Queried 0 rows from SQL table scores
]]></system-out>
  </testcase>
  <testcase name="existsPassesIdAsBindParam(SqlDialect, String, String)[1]" classname="com.github.ezframework.jaloquent.model.DialectMatrixFeatureTest" time="0.002"/>
  <testcase name="existsPassesIdAsBindParam(SqlDialect, String, String)[2]" classname="com.github.ezframework.jaloquent.model.DialectMatrixFeatureTest" time="0.001"/>
  <testcase name="existsPassesIdAsBindParam(SqlDialect, String, String)[3]" classname="com.github.ezframework.jaloquent.model.DialectMatrixFeatureTest" time="0.001"/>
  <testcase name="findIncludesLimit1(SqlDialect, String, String)[1]" classname="com.github.ezframework.jaloquent.model.DialectMatrixFeatureTest" time="0.001"/>
  <testcase name="findIncludesLimit1(SqlDialect, String, String)[2]" classname="com.github.ezframework.jaloquent.model.DialectMatrixFeatureTest" time="0.001"/>
  <testcase name="findIncludesLimit1(SqlDialect, String, String)[3]" classname="com.github.ezframework.jaloquent.model.DialectMatrixFeatureTest" time="0.001"/>
  <testcase name="deleteAllIssuesSingleWhereInStatement(SqlDialect)[1]" classname="com.github.ezframework.jaloquent.model.DialectMatrixFeatureTest" time="0.001">
    <system-out><![CDATA[2026-04-16 12:35:12 INFO  c.g.e.j.model.ModelRepository - Bulk-deleted 3 records from SQL table sessions
]]></system-out>
  </testcase>
  <testcase name="deleteAllIssuesSingleWhereInStatement(SqlDialect)[2]" classname="com.github.ezframework.jaloquent.model.DialectMatrixFeatureTest" time="0.001">
    <system-out><![CDATA[2026-04-16 12:35:12 INFO  c.g.e.j.model.ModelRepository - Bulk-deleted 3 records from SQL table sessions
]]></system-out>
  </testcase>
  <testcase name="deleteAllIssuesSingleWhereInStatement(SqlDialect)[3]" classname="com.github.ezframework.jaloquent.model.DialectMatrixFeatureTest" time="0.001">
    <system-out><![CDATA[2026-04-16 12:35:12 INFO  c.g.e.j.model.ModelRepository - Bulk-deleted 3 records from SQL table sessions
]]></system-out>
  </testcase>
  <testcase name="existsProducesSelectOneStructureForAllDialects(SqlDialect, String, String)[1]" classname="com.github.ezframework.jaloquent.model.DialectMatrixFeatureTest" time="0.001"/>
  <testcase name="existsProducesSelectOneStructureForAllDialects(SqlDialect, String, String)[2]" classname="com.github.ezframework.jaloquent.model.DialectMatrixFeatureTest" time="0"/>
  <testcase name="existsProducesSelectOneStructureForAllDialects(SqlDialect, String, String)[3]" classname="com.github.ezframework.jaloquent.model.DialectMatrixFeatureTest" time="0.001"/>
  <testcase name="saveIncludesModelIdAsFirstParam(SqlDialect)[1]" classname="com.github.ezframework.jaloquent.model.DialectMatrixFeatureTest" time="0.001">
    <system-out><![CDATA[2026-04-16 12:35:12 INFO  c.g.e.j.model.ModelRepository - Saved model id-xyz to SQL table users
]]></system-out>
  </testcase>
  <testcase name="saveIncludesModelIdAsFirstParam(SqlDialect)[2]" classname="com.github.ezframework.jaloquent.model.DialectMatrixFeatureTest" time="0">
    <system-out><![CDATA[2026-04-16 12:35:12 INFO  c.g.e.j.model.ModelRepository - Saved model id-xyz to SQL table users
]]></system-out>
  </testcase>
  <testcase name="saveIncludesModelIdAsFirstParam(SqlDialect)[3]" classname="com.github.ezframework.jaloquent.model.DialectMatrixFeatureTest" time="0.002">
    <system-out><![CDATA[2026-04-16 12:35:12 INFO  c.g.e.j.model.ModelRepository - Saved model id-xyz to SQL table users
]]></system-out>
  </testcase>
  <testcase name="deleteAllPassesAllIdsAsBindParams(SqlDialect)[1]" classname="com.github.ezframework.jaloquent.model.DialectMatrixFeatureTest" time="0.001">
    <system-out><![CDATA[2026-04-16 12:35:12 INFO  c.g.e.j.model.ModelRepository - Bulk-deleted 3 records from SQL table sessions
]]></system-out>
  </testcase>
  <testcase name="deleteAllPassesAllIdsAsBindParams(SqlDialect)[2]" classname="com.github.ezframework.jaloquent.model.DialectMatrixFeatureTest" time="0.004">
    <system-out><![CDATA[2026-04-16 12:35:12 INFO  c.g.e.j.model.ModelRepository - Bulk-deleted 3 records from SQL table sessions
]]></system-out>
  </testcase>
  <testcase name="deleteAllPassesAllIdsAsBindParams(SqlDialect)[3]" classname="com.github.ezframework.jaloquent.model.DialectMatrixFeatureTest" time="0.001">
    <system-out><![CDATA[2026-04-16 12:35:12 INFO  c.g.e.j.model.ModelRepository - Bulk-deleted 3 records from SQL table sessions
]]></system-out>
  </testcase>
  <testcase name="deleteAllProducesCorrectPlaceholderCount(SqlDialect)[1]" classname="com.github.ezframework.jaloquent.model.DialectMatrixFeatureTest" time="0.001">
    <system-out><![CDATA[2026-04-16 12:35:12 INFO  c.g.e.j.model.ModelRepository - Bulk-deleted 5 records from SQL table sessions
]]></system-out>
  </testcase>
  <testcase name="deleteAllProducesCorrectPlaceholderCount(SqlDialect)[2]" classname="com.github.ezframework.jaloquent.model.DialectMatrixFeatureTest" time="0.002">
    <system-out><![CDATA[2026-04-16 12:35:12 INFO  c.g.e.j.model.ModelRepository - Bulk-deleted 5 records from SQL table sessions
]]></system-out>
  </testcase>
  <testcase name="deleteAllProducesCorrectPlaceholderCount(SqlDialect)[3]" classname="com.github.ezframework.jaloquent.model.DialectMatrixFeatureTest" time="0.002">
    <system-out><![CDATA[2026-04-16 12:35:12 INFO  c.g.e.j.model.ModelRepository - Bulk-deleted 5 records from SQL table sessions
]]></system-out>
  </testcase>
</testsuite>