<?xml version="1.0" encoding="UTF-8"?>
<testsuite xmlns:xsi="http://www.w3.org/2001/XMLSchema-instance" xsi:noNamespaceSchemaLocation="https://maven.apache.org/surefire/maven-surefire-plugin/xsd/surefire-test-report-3.0.xsd" version="3.0" name="com.github.ezframework.jaloquent.relation.RelationshipFeatureTest" time="0.149" tests="27" errors="0" skipped="0" failures="0">
  <properties>
[...]
</properties>
  <testcase name="hasOneReturnsFirstWhenMultipleForeignKeyMatches" classname="com.github.ezframework.jaloquent.relation.RelationshipFeatureTest" time="0.022">
    <system-out><![CDATA[2026-04-16 12:35:11 INFO  c.g.e.j.model.ModelRepository - Saved model ph1 to flat-map store
2026-04-16 12:35:11 INFO  c.g.e.j.model.ModelRepository - Saved model ph2 to flat-map store
2026-04-16 12:35:11 INFO  c.g.e.j.model.ModelRepository - Queried 1 rows from flat-map store
]]></system-out>
  </testcase>
  <testcase name="hasOneReturnsEmptyWhenNoMatchingModel" classname="com.github.ezframework.jaloquent.relation.RelationshipFeatureTest" time="0.003">
    <system-out><![CDATA[2026-04-16 12:35:11 INFO  c.g.e.j.model.ModelRepository - Queried 0 rows from flat-map store
]]></system-out>
  </testcase>
  <testcase name="hasOneWithCustomLocalKey" classname="com.github.ezframework.jaloquent.relation.RelationshipFeatureTest" time="0.001">
    <system-out><![CDATA[2026-04-16 12:35:11 INFO  c.g.e.j.model.ModelRepository - Saved model ph1 to flat-map store
2026-04-16 12:35:11 INFO  c.g.e.j.model.ModelRepository - Queried 1 rows from flat-map store
]]></system-out>
  </testcase>
  <testcase name="hasOneWithExtraWhereConstraintFiltersResults" classname="com.github.ezframework.jaloquent.relation.RelationshipFeatureTest" time="0.002">
    <system-out><![CDATA[2026-04-16 12:35:11 INFO  c.g.e.j.model.ModelRepository - Saved model ph1 to flat-map store
2026-04-16 12:35:11 INFO  c.g.e.j.model.ModelRepository - Saved model ph2 to flat-map store
2026-04-16 12:35:11 INFO  c.g.e.j.model.ModelRepository - Queried 1 rows from flat-map store
]]></system-out>
  </testcase>
  <testcase name="hasManyReturnsAllMatchingModels" classname="com.github.ezframework.jaloquent.relation.RelationshipFeatureTest" time="0.006">
    <system-out><![CDATA[2026-04-16 12:35:11 INFO  c.g.e.j.model.ModelRepository - Saved model p1 to flat-map store
2026-04-16 12:35:11 INFO  c.g.e.j.model.ModelRepository - Saved model p2 to flat-map store
2026-04-16 12:35:11 INFO  c.g.e.j.model.ModelRepository - Saved model p3 to flat-map store
2026-04-16 12:35:11 INFO  c.g.e.j.model.ModelRepository - Queried 2 rows from flat-map store
]]></system-out>
  </testcase>
  <testcase name="belongsToManyAttachWithExtraAttrsStoredOnPivot" classname="com.github.ezframework.jaloquent.relation.RelationshipFeatureTest" time="0.007">
    <system-out><![CDATA[2026-04-16 12:35:11 INFO  c.g.e.j.model.ModelRepository - Saved model u1_r1 to flat-map store
]]></system-out>
  </testcase>
  <testcase name="belongsToManySyncAddsAndRemovesEntries" classname="com.github.ezframework.jaloquent.relation.RelationshipFeatureTest" time="0.008">
    <system-out><![CDATA[2026-04-16 12:35:11 INFO  c.g.e.j.model.ModelRepository - Saved model r1 to flat-map store
2026-04-16 12:35:11 INFO  c.g.e.j.model.ModelRepository - Saved model r2 to flat-map store
2026-04-16 12:35:11 INFO  c.g.e.j.model.ModelRepository - Saved model r3 to flat-map store
2026-04-16 12:35:11 INFO  c.g.e.j.model.ModelRepository - Saved model u1_r1 to flat-map store
2026-04-16 12:35:11 INFO  c.g.e.j.model.ModelRepository - Saved model u1_r2 to flat-map store
2026-04-16 12:35:11 INFO  c.g.e.j.model.ModelRepository - Queried 2 rows from flat-map store
2026-04-16 12:35:11 INFO  c.g.e.j.model.ModelRepository - Saved model u1_r3 to flat-map store
2026-04-16 12:35:11 INFO  c.g.e.j.model.ModelRepository - Queried 2 rows from flat-map store
2026-04-16 12:35:11 INFO  c.g.e.j.model.ModelRepository - Queried 2 rows from flat-map store
]]></system-out>
  </testcase>
  <testcase name="belongsToManyReturnsEmptyWhenNoPivotEntries" classname="com.github.ezframework.jaloquent.relation.RelationshipFeatureTest" time="0.002">
    <system-out><![CDATA[2026-04-16 12:35:11 INFO  c.g.e.j.model.ModelRepository - Queried 0 rows from flat-map store
]]></system-out>
  </testcase>
  <testcase name="belongsToManyDetachAllClearsAllRelationships" classname="com.github.ezframework.jaloquent.relation.RelationshipFeatureTest" time="0.003">
    <system-out><![CDATA[2026-04-16 12:35:11 INFO  c.g.e.j.model.ModelRepository - Saved model r1 to flat-map store
2026-04-16 12:35:11 INFO  c.g.e.j.model.ModelRepository - Saved model r2 to flat-map store
2026-04-16 12:35:11 INFO  c.g.e.j.model.ModelRepository - Saved model u1_r1 to flat-map store
2026-04-16 12:35:11 INFO  c.g.e.j.model.ModelRepository - Saved model u1_r2 to flat-map store
2026-04-16 12:35:11 INFO  c.g.e.j.model.ModelRepository - Queried 2 rows from flat-map store
2026-04-16 12:35:11 INFO  c.g.e.j.model.ModelRepository - Queried 0 rows from flat-map store
]]></system-out>
  </testcase>
  <testcase name="hasManyCountReturnsCorrectNumber" classname="com.github.ezframework.jaloquent.relation.RelationshipFeatureTest" time="0.001">
    <system-out><![CDATA[2026-04-16 12:35:11 INFO  c.g.e.j.model.ModelRepository - Saved model p1 to flat-map store
2026-04-16 12:35:11 INFO  c.g.e.j.model.ModelRepository - Saved model p2 to flat-map store
2026-04-16 12:35:11 INFO  c.g.e.j.model.ModelRepository - Queried 2 rows from flat-map store
]]></system-out>
  </testcase>
  <testcase name="hasOneExistsMatchesForeignKey" classname="com.github.ezframework.jaloquent.relation.RelationshipFeatureTest" time="0.002">
    <system-out><![CDATA[2026-04-16 12:35:11 INFO  c.g.e.j.model.ModelRepository - Queried 0 rows from flat-map store
2026-04-16 12:35:11 INFO  c.g.e.j.model.ModelRepository - Saved model ph1 to flat-map store
2026-04-16 12:35:11 INFO  c.g.e.j.model.ModelRepository - Queried 1 rows from flat-map store
]]></system-out>
  </testcase>
  <testcase name="hasOneReturnsRelatedModelByForeignKey" classname="com.github.ezframework.jaloquent.relation.RelationshipFeatureTest" time="0.005">
    <system-out><![CDATA[2026-04-16 12:35:11 INFO  c.g.e.j.model.ModelRepository - Saved model ph1 to flat-map store
2026-04-16 12:35:11 INFO  c.g.e.j.model.ModelRepository - Queried 1 rows from flat-map store
]]></system-out>
  </testcase>
  <testcase name="belongsToManySyncToEmptyListDetachesAll" classname="com.github.ezframework.jaloquent.relation.RelationshipFeatureTest" time="0.002">
    <system-out><![CDATA[2026-04-16 12:35:11 INFO  c.g.e.j.model.ModelRepository - Saved model r1 to flat-map store
2026-04-16 12:35:11 INFO  c.g.e.j.model.ModelRepository - Saved model u1_r1 to flat-map store
2026-04-16 12:35:11 INFO  c.g.e.j.model.ModelRepository - Queried 1 rows from flat-map store
2026-04-16 12:35:11 INFO  c.g.e.j.model.ModelRepository - Queried 0 rows from flat-map store
]]></system-out>
  </testcase>
  <testcase name="hasOneGeneratesCorrectSqlWhereClause" classname="com.github.ezframework.jaloquent.relation.RelationshipFeatureTest" time="0.02">
    <system-out><![CDATA[2026-04-16 12:35:11 INFO  c.g.e.j.model.ModelRepository - Queried 0 rows from SQL table phones
]]></system-out>
  </testcase>
  <testcase name="belongsToManyAttachCreatesRelationship" classname="com.github.ezframework.jaloquent.relation.RelationshipFeatureTest" time="0.003">
    <system-out><![CDATA[2026-04-16 12:35:11 INFO  c.g.e.j.model.ModelRepository - Saved model r1 to flat-map store
2026-04-16 12:35:11 INFO  c.g.e.j.model.ModelRepository - Saved model r2 to flat-map store
2026-04-16 12:35:11 INFO  c.g.e.j.model.ModelRepository - Saved model u1_r1 to flat-map store
2026-04-16 12:35:11 INFO  c.g.e.j.model.ModelRepository - Saved model u1_r2 to flat-map store
2026-04-16 12:35:11 INFO  c.g.e.j.model.ModelRepository - Queried 2 rows from flat-map store
2026-04-16 12:35:11 INFO  c.g.e.j.model.ModelRepository - Queried 2 rows from flat-map store
]]></system-out>
  </testcase>
  <testcase name="belongsToLoadsRelatedModelByForeignKey" classname="com.github.ezframework.jaloquent.relation.RelationshipFeatureTest" time="0.004">
    <system-out><![CDATA[2026-04-16 12:35:11 INFO  c.g.e.j.model.ModelRepository - Saved model u1 to flat-map store
]]></system-out>
  </testcase>
  <testcase name="belongsToManyWhereConstraintFiltersRelated" classname="com.github.ezframework.jaloquent.relation.RelationshipFeatureTest" time="0.004">
    <system-out><![CDATA[2026-04-16 12:35:11 INFO  c.g.e.j.model.ModelRepository - Saved model r1 to flat-map store
2026-04-16 12:35:11 INFO  c.g.e.j.model.ModelRepository - Saved model r2 to flat-map store
2026-04-16 12:35:11 INFO  c.g.e.j.model.ModelRepository - Saved model u1_r1 to flat-map store
2026-04-16 12:35:11 INFO  c.g.e.j.model.ModelRepository - Saved model u1_r2 to flat-map store
2026-04-16 12:35:11 INFO  c.g.e.j.model.ModelRepository - Queried 2 rows from flat-map store
2026-04-16 12:35:11 INFO  c.g.e.j.model.ModelRepository - Queried 1 rows from flat-map store
]]></system-out>
  </testcase>
  <testcase name="belongsToManyDetachRemovesSpecificRelationship" classname="com.github.ezframework.jaloquent.relation.RelationshipFeatureTest" time="0.002">
    <system-out><![CDATA[2026-04-16 12:35:11 INFO  c.g.e.j.model.ModelRepository - Saved model r1 to flat-map store
2026-04-16 12:35:11 INFO  c.g.e.j.model.ModelRepository - Saved model r2 to flat-map store
2026-04-16 12:35:11 INFO  c.g.e.j.model.ModelRepository - Saved model u1_r1 to flat-map store
2026-04-16 12:35:11 INFO  c.g.e.j.model.ModelRepository - Saved model u1_r2 to flat-map store
2026-04-16 12:35:11 INFO  c.g.e.j.model.ModelRepository - Deleted model u1_r1 from flat-map store
2026-04-16 12:35:11 INFO  c.g.e.j.model.ModelRepository - Queried 1 rows from flat-map store
2026-04-16 12:35:11 INFO  c.g.e.j.model.ModelRepository - Queried 1 rows from flat-map store
]]></system-out>
  </testcase>
  <testcase name="belongsToExistsReturnsFalseForMissingRelated" classname="com.github.ezframework.jaloquent.relation.RelationshipFeatureTest" time="0.001"/>
  <testcase name="belongsToReturnsEmptyWhenForeignKeyIsNull" classname="com.github.ezframework.jaloquent.relation.RelationshipFeatureTest" time="0.001"/>
  <testcase name="hasOnePopulatesModelFromSqlRow" classname="com.github.ezframework.jaloquent.relation.RelationshipFeatureTest" time="0.002">
    <system-out><![CDATA[2026-04-16 12:35:11 INFO  c.g.e.j.model.ModelRepository - Queried 1 rows from SQL table phones
]]></system-out>
  </testcase>
  <testcase name="hasManyWithExtraWhereConstraint" classname="com.github.ezframework.jaloquent.relation.RelationshipFeatureTest" time="0.002">
    <system-out><![CDATA[2026-04-16 12:35:11 INFO  c.g.e.j.model.ModelRepository - Saved model p1 to flat-map store
2026-04-16 12:35:11 INFO  c.g.e.j.model.ModelRepository - Saved model p2 to flat-map store
2026-04-16 12:35:11 INFO  c.g.e.j.model.ModelRepository - Queried 1 rows from flat-map store
]]></system-out>
  </testcase>
  <testcase name="hasManyLimitReducesResults" classname="com.github.ezframework.jaloquent.relation.RelationshipFeatureTest" time="0.005">
    <system-out><![CDATA[2026-04-16 12:35:11 INFO  c.g.e.j.model.ModelRepository - Saved model p1 to flat-map store
2026-04-16 12:35:11 INFO  c.g.e.j.model.ModelRepository - Saved model p2 to flat-map store
2026-04-16 12:35:11 INFO  c.g.e.j.model.ModelRepository - Saved model p3 to flat-map store
2026-04-16 12:35:11 INFO  c.g.e.j.model.ModelRepository - Saved model p4 to flat-map store
2026-04-16 12:35:11 INFO  c.g.e.j.model.ModelRepository - Saved model p5 to flat-map store
2026-04-16 12:35:11 INFO  c.g.e.j.model.ModelRepository - Queried 2 rows from flat-map store
]]></system-out>
  </testcase>
  <testcase name="belongsToManyCountMatchesPivotEntries" classname="com.github.ezframework.jaloquent.relation.RelationshipFeatureTest" time="0.003">
    <system-out><![CDATA[2026-04-16 12:35:11 INFO  c.g.e.j.model.ModelRepository - Saved model r1 to flat-map store
2026-04-16 12:35:11 INFO  c.g.e.j.model.ModelRepository - Saved model r2 to flat-map store
2026-04-16 12:35:11 INFO  c.g.e.j.model.ModelRepository - Saved model u1_r1 to flat-map store
2026-04-16 12:35:11 INFO  c.g.e.j.model.ModelRepository - Saved model u1_r2 to flat-map store
2026-04-16 12:35:11 INFO  c.g.e.j.model.ModelRepository - Queried 2 rows from flat-map store
2026-04-16 12:35:11 INFO  c.g.e.j.model.ModelRepository - Queried 2 rows from flat-map store
]]></system-out>
  </testcase>
  <testcase name="belongsToManyIsolatedAcrossParents" classname="com.github.ezframework.jaloquent.relation.RelationshipFeatureTest" time="0.003">
    <system-out><![CDATA[2026-04-16 12:35:11 INFO  c.g.e.j.model.ModelRepository - Saved model r1 to flat-map store
2026-04-16 12:35:11 INFO  c.g.e.j.model.ModelRepository - Saved model r2 to flat-map store
2026-04-16 12:35:11 INFO  c.g.e.j.model.ModelRepository - Saved model u1_r1 to flat-map store
2026-04-16 12:35:11 INFO  c.g.e.j.model.ModelRepository - Saved model u2_r2 to flat-map store
2026-04-16 12:35:11 INFO  c.g.e.j.model.ModelRepository - Queried 1 rows from flat-map store
2026-04-16 12:35:11 INFO  c.g.e.j.model.ModelRepository - Queried 1 rows from flat-map store
2026-04-16 12:35:11 INFO  c.g.e.j.model.ModelRepository - Queried 1 rows from flat-map store
2026-04-16 12:35:11 INFO  c.g.e.j.model.ModelRepository - Queried 1 rows from flat-map store
]]></system-out>
  </testcase>
  <testcase name="hasManyReturnsEmptyListWhenNoPosts" classname="com.github.ezframework.jaloquent.relation.RelationshipFeatureTest" time="0.002">
    <system-out><![CDATA[2026-04-16 12:35:11 INFO  c.g.e.j.model.ModelRepository - Queried 0 rows from flat-map store
]]></system-out>
  </testcase>
  <testcase name="belongsToExistsReturnsTrueWhenOwnerExists" classname="com.github.ezframework.jaloquent.relation.RelationshipFeatureTest" time="0.003">
    <system-out><![CDATA[2026-04-16 12:35:11 INFO  c.g.e.j.model.ModelRepository - Saved model u1 to flat-map store
]]></system-out>
  </testcase>
</testsuite>